<?xml version="1.0" encoding="UTF-8"?>
<testsuite name="Selenium_Project"
           tests="2"
           failures="0"
           errors="0"
           skipped="0"
           time="47.599">
    <properties></properties>



            <testcase
                name="testLoginPositive"
                time="25.582"
                classname="com.testacademy.vwo.logintest.LoginTests">
            </testcase>
            <testcase
                name="testLoginNegative"
                time="22.017"
                classname="com.testacademy.vwo.logintest.LoginTests">
            </testcase>
</testsuite>
